<?xml version="1.0" encoding="UTF-8"?>
<!-- Generated by org.testng.reporters.JUnitReportReporter -->
<testsuite hostname="IBM-PF3188SL" failures="0" tests="1" name="Demo1.PostTest" time="2.875" errors="0" timestamp="2025-01-28T15:07:22 IST" skipped="0">
  <testcase classname="Demo1.PostTest" name="test1" time="2.875"/>
  <system-out/>
</testsuite> <!-- Demo1.PostTest -->
