<?xml version="1.0" encoding="UTF-8"?>
<!-- Generated by org.testng.reporters.JUnitReportReporter -->
<testsuite hostname="IBM-PF3188SL" failures="0" tests="1" name="Demo1.F1Example" time="2.280" errors="0" timestamp="2025-01-29T11:44:06 IST" skipped="0">
  <testcase classname="Demo1.F1Example" name="test_noOfCircuitsUsingResponseSpec" time="2.280"/>
  <system-out/>
</testsuite> <!-- Demo1.F1Example -->
