<?xml version="1.0" encoding="UTF-8"?>
<!-- Generated by org.testng.reporters.JUnitReportReporter -->
<testsuite hostname="IBM-PF3188SL" failures="0" tests="1" name="Demo1.POJOClassNestedJSONPayload$CreateNestedJSONFromPOJOClasses" time="0.268" errors="0" timestamp="2025-01-29T15:26:27 IST" skipped="0">
  <testcase classname="Demo1.POJOClassNestedJSONPayload$CreateNestedJSONFromPOJOClasses" name="function" time="0.268"/>
  <system-out/>
</testsuite> <!-- Demo1.POJOClassNestedJSONPayload$CreateNestedJSONFromPOJOClasses -->
