<?xml version="1.0" encoding="UTF-8"?>
<!-- Generated by org.testng.reporters.JUnitReportReporter -->
<testsuite hostname="IBM-PF3188SL" failures="0" tests="1" name="Demo1.DeleteTest" time="1.738" errors="0" timestamp="2025-01-28T16:36:04 IST" skipped="0">
  <testcase classname="Demo1.DeleteTest" name="delete_test" time="1.738"/>
  <system-out/>
</testsuite> <!-- Demo1.DeleteTest -->
