<?xml version="1.0" encoding="UTF-8"?>
<!-- Generated by org.testng.reporters.JUnitReportReporter -->
<testsuite hostname="IBM-PF3188SL" failures="0" tests="1" name="Demo1.PostWithPayload" time="2.592" errors="0" timestamp="2025-01-28T16:27:48 IST" skipped="0">
  <testcase classname="Demo1.PostWithPayload" name="test1" time="2.592"/>
  <system-out/>
</testsuite> <!-- Demo1.PostWithPayload -->
