<?xml version="1.0" encoding="UTF-8"?>
<!-- Generated by org.testng.reporters.JUnitReportReporter -->
<testsuite hostname="IBM-PF3188SL" failures="0" tests="1" name="Demo1.POJOClassJSONArrayPayload" time="0.216" errors="0" timestamp="2025-01-29T14:46:57 IST" skipped="0">
  <testcase classname="Demo1.POJOClassJSONArrayPayload" name="CreateList" time="0.216"/>
  <system-out/>
</testsuite> <!-- Demo1.POJOClassJSONArrayPayload -->
