<?xml version="1.0" encoding="UTF-8"?>
<!-- Generated by org.testng.reporters.JUnitReportReporter -->
<testsuite hostname="IBM-PF3188SL" failures="0" tests="2" name="Demo1.POJOClassJSONObjectPayload" time="0.250" errors="0" timestamp="2025-01-29T12:51:39 IST" skipped="0">
  <testcase classname="Demo1.POJOClassJSONObjectPayload" name="BadmintonJSONFromPOJOClass" time="0.247"/>
  <system-out/>
  <testcase classname="Demo1.POJOClassJSONObjectPayload" name="BadmintonJSONFromPOJOClass" time="0.003"/>
  <system-out/>
</testsuite> <!-- Demo1.POJOClassJSONObjectPayload -->
