<?xml version="1.0" encoding="UTF-8"?>
<!-- Generated by org.testng.reporters.JUnitReportReporter -->
<testsuite hostname="IBM-PF3188SL" failures="0" tests="2" name="Demo1.GetTest" time="5.826" errors="0" timestamp="2025-01-29T16:31:34 IST" skipped="0">
  <testcase classname="Demo1.GetTest" name="test1" time="4.073"/>
  <system-out/>
  <testcase classname="Demo1.GetTest" name="test2" time="1.753"/>
  <system-out/>
</testsuite> <!-- Demo1.GetTest -->
